#
# There is insufficient memory for the Java Runtime Environment to continue.
# Native memory allocation (malloc) failed to allocate 988656 bytes for Chunk::new
# Possible reasons:
#   The system is out of physical RAM or swap space
#   The process is running with CompressedOops enabled, and the Java Heap may be blocking the growth of the native heap
# Possible solutions:
#   Reduce memory load on the system
#   Increase physical memory or swap space
#   Check if swap backing store is full
#   Decrease Java heap size (-Xmx/-Xms)
#   Decrease number of Java threads
#   Decrease Java thread stack sizes (-Xss)
#   Set larger code cache with -XX:ReservedCodeCacheSize=
#   JVM is running with Unscaled Compressed Oops mode in which the Java heap is
#     placed in the first 4GB address space. The Java Heap base address is the
#     maximum limit for the native heap growth. Please use -XX:HeapBaseMinAddress
#     to set the Java Heap base and to place the Java Heap above 4GB virtual address.
# This output file may be truncated or incomplete.
#
#  Out of Memory Error (allocation.cpp:389), pid=171124, tid=0x0000000000029488
#
# JRE version: Java(TM) SE Runtime Environment (8.0_301-b09) (build 1.8.0_301-b09)
# Java VM: Java HotSpot(TM) 64-Bit Server VM (25.301-b09 mixed mode windows-amd64 compressed oops)
# Failed to write core dump. Minidumps are not enabled by default on client versions of Windows
#

---------------  T H R E A D  ---------------

Current thread (0x000002b03192d800):  JavaThread "C2 CompilerThread0" daemon [_thread_in_native, id=169096, stack(0x000000d26b700000,0x000000d26b800000)]

Stack: [0x000000d26b700000,0x000000d26b800000]
Native frames: (J=compiled Java code, j=interpreted, Vv=VM code, C=native code)
V  [jvm.dll+0x32ed79]
V  [jvm.dll+0x275722]
V  [jvm.dll+0x2763cd]
V  [jvm.dll+0x26ce05]
V  [jvm.dll+0xd551c]
V  [jvm.dll+0xd5d1c]
V  [jvm.dll+0x470143]
V  [jvm.dll+0x437c50]
V  [jvm.dll+0x440c55]
V  [jvm.dll+0x440015]
V  [jvm.dll+0x42ae57]
V  [jvm.dll+0xac1bb]
V  [jvm.dll+0xaa81b]
V  [jvm.dll+0x23ddc2]
V  [jvm.dll+0x2923dc]
C  [ucrtbase.dll+0x26c0c]
C  [KERNEL32.DLL+0x155a0]
C  [ntdll.dll+0x485b]


Current CompileTask:
C2:   4023 2522       4       org.languagetool.rules.patterns.PatternRuleHandler::startElement (3330 bytes)


---------------  P R O C E S S  ---------------

Java Threads: ( => current thread )
  0x000002b031938800 JavaThread "lt-text-checker-thread-0" [_thread_in_native, id=171932, stack(0x000000d26c500000,0x000000d26c600000)]
  0x000002b031933000 JavaThread "lt-server-thread-2" [_thread_blocked, id=171808, stack(0x000000d26c400000,0x000000d26c500000)]
  0x000002b031935800 JavaThread "lt-server-thread-1" [_thread_blocked, id=171548, stack(0x000000d26c300000,0x000000d26c400000)]
  0x000002b034b96800 JavaThread "lt-server-thread-0" [_thread_blocked, id=171792, stack(0x000000d26c200000,0x000000d26c300000)]
  0x000002b01b51d800 JavaThread "DestroyJavaVM" [_thread_blocked, id=169440, stack(0x000000d26a900000,0x000000d26aa00000)]
  0x000002b0344a7800 JavaThread "Thread-5" [_thread_in_native, id=163624, stack(0x000000d26c100000,0x000000d26c200000)]
  0x000002b0351e9800 JavaThread "server-timer" daemon [_thread_blocked, id=171340, stack(0x000000d26c000000,0x000000d26c100000)]
  0x000002b0342f0800 JavaThread "LtThreadPoolExecutorMonitor" daemon [_thread_blocked, id=168888, stack(0x000000d26bf00000,0x000000d26c000000)]
  0x000002b034e67800 JavaThread "LtThreadPoolExecutorMonitor" daemon [_thread_blocked, id=164988, stack(0x000000d26be00000,0x000000d26bf00000)]
  0x000002b034e66800 JavaThread "LtThreadPoolMonitor" daemon [_thread_blocked, id=169628, stack(0x000000d26bd00000,0x000000d26be00000)]
  0x000002b033d36800 JavaThread "Service Thread" daemon [_thread_blocked, id=170404, stack(0x000000d26bb00000,0x000000d26bc00000)]
  0x000002b031934800 JavaThread "C1 CompilerThread3" daemon [_thread_blocked, id=169692, stack(0x000000d26ba00000,0x000000d26bb00000)]
  0x000002b031932000 JavaThread "C2 CompilerThread2" daemon [_thread_in_native, id=170236, stack(0x000000d26b900000,0x000000d26ba00000)]
  0x000002b03192f800 JavaThread "C2 CompilerThread1" daemon [_thread_in_native, id=143596, stack(0x000000d26b800000,0x000000d26b900000)]
=>0x000002b03192d800 JavaThread "C2 CompilerThread0" daemon [_thread_in_native, id=169096, stack(0x000000d26b700000,0x000000d26b800000)]
  0x000002b031928000 JavaThread "Attach Listener" daemon [_thread_blocked, id=163616, stack(0x000000d26b600000,0x000000d26b700000)]
  0x000002b031927000 JavaThread "Signal Dispatcher" daemon [_thread_blocked, id=148608, stack(0x000000d26b500000,0x000000d26b600000)]
  0x000002b03190b000 JavaThread "Finalizer" daemon [_thread_blocked, id=149044, stack(0x000000d26b400000,0x000000d26b500000)]
  0x000002b0318d9000 JavaThread "Reference Handler" daemon [_thread_blocked, id=169592, stack(0x000000d26b300000,0x000000d26b400000)]

Other Threads:
  0x000002b0318d0800 VMThread [stack: 0x000000d26b200000,0x000000d26b300000] [id=153412]
  0x000002b033d47800 WatcherThread [stack: 0x000000d26bc00000,0x000000d26bd00000] [id=171420]

VM state:not at safepoint (normal execution)

VM Mutex/Monitor currently owned by a thread: None

heap address: 0x0000000083200000, size: 1998 MB, Compressed Oops mode: 32-bit
Narrow klass base: 0x0000000000000000, Narrow klass shift: 3
Compressed class space size: 1073741824 Address: 0x0000000100000000

Heap:
 PSYoungGen      total 143872K, used 51287K [0x00000000d6600000, 0x00000000e0f00000, 0x0000000100000000)
  eden space 126976K, 27% used [0x00000000d6600000,0x00000000d8799240,0x00000000de200000)
  from space 16896K, 99% used [0x00000000df680000,0x00000000e06fca48,0x00000000e0700000)
  to   space 20992K, 0% used [0x00000000de200000,0x00000000de200000,0x00000000df680000)
 ParOldGen       total 86016K, used 40011K [0x0000000083200000, 0x0000000088600000, 0x00000000d6600000)
  object space 86016K, 46% used [0x0000000083200000,0x0000000085912d70,0x0000000088600000)
 Metaspace       used 19549K, capacity 19932K, committed 20224K, reserved 1067008K
  class space    used 2346K, capacity 2474K, committed 2560K, reserved 1048576K

Card table byte_map: [0x000002b02c380000,0x000002b02c770000] byte_map_base: 0x000002b02bf67000

Marking Bits: (ParMarkBitMap*) 0x000000006a077fe0
 Begin Bits: [0x000002b02ca10000, 0x000002b02e948000)
 End Bits:   [0x000002b02e948000, 0x000002b030880000)

Polling page: 0x000002b01b670000

CodeCache: size=245760Kb used=10048Kb max_used=10048Kb free=235711Kb
 bounds [0x000002b01cfc0000, 0x000002b01d9a0000, 0x000002b02bfc0000]
 total_blobs=3119 nmethods=2658 adapters=373
 compilation: enabled

Compilation events (10 events):
Event: 3.988 Thread 0x000002b031934800 nmethod 2684 0x000002b01d979150 code [0x000002b01d979540, 0x000002b01d97b2f0]
Event: 3.988 Thread 0x000002b031934800 2711 %     3       com.sun.org.apache.xerces.internal.impl.XMLEntityScanner::scanLiteral @ 501 (755 bytes)
Event: 3.989 Thread 0x000002b031934800 nmethod 2711% 0x000002b01d97d3d0 code [0x000002b01d97d680, 0x000002b01d97edf0]
Event: 3.989 Thread 0x000002b031934800 2697       2       com.sun.org.apache.xerces.internal.parsers.AbstractSAXParser$AttributesProxy::getLength (10 bytes)
Event: 3.990 Thread 0x000002b031934800 nmethod 2697 0x000002b01d97f9d0 code [0x000002b01d97fb20, 0x000002b01d97fcb8]
Event: 3.990 Thread 0x000002b031934800 2705       2       com.sun.org.apache.xerces.internal.parsers.AbstractSAXParser$AttributesProxy::getLocalName (11 bytes)
Event: 3.990 Thread 0x000002b031934800 nmethod 2705 0x000002b01d97fd90 code [0x000002b01d97ff00, 0x000002b01d9800b0]
Event: 3.990 Thread 0x000002b031934800 2685       2       com.sun.org.apache.xerces.internal.impl.dv.ValidatedInfo::<init> (5 bytes)
Event: 3.990 Thread 0x000002b031934800 nmethod 2685 0x000002b01d980190 code [0x000002b01d9802e0, 0x000002b01d980438]
Event: 3.990 Thread 0x000002b031934800 2688       2       com.sun.org.apache.xerces.internal.impl.dv.xs.XSSimpleTypeDecl::normalize (321 bytes)

GC Heap History (10 events):
Event: 1.188 GC heap before
{Heap before GC invocations=4 (full 0):
 PSYoungGen      total 37888K, used 37882K [0x00000000d6600000, 0x00000000db000000, 0x0000000100000000)
  eden space 32768K, 100% used [0x00000000d6600000,0x00000000d8600000,0x00000000d8600000)
  from space 5120K, 99% used [0x00000000d8600000,0x00000000d8afead0,0x00000000d8b00000)
  to   space 5120K, 0% used [0x00000000dab00000,0x00000000dab00000,0x00000000db000000)
 ParOldGen       total 86016K, used 1967K [0x0000000083200000, 0x0000000088600000, 0x00000000d6600000)
  object space 86016K, 2% used [0x0000000083200000,0x00000000833ebff8,0x0000000088600000)
 Metaspace       used 11863K, capacity 12044K, committed 12416K, reserved 1060864K
  class space    used 1453K, capacity 1544K, committed 1664K, reserved 1048576K
Event: 1.194 GC heap after
Heap after GC invocations=4 (full 0):
 PSYoungGen      total 70656K, used 5104K [0x00000000d6600000, 0x00000000db000000, 0x0000000100000000)
  eden space 65536K, 0% used [0x00000000d6600000,0x00000000d6600000,0x00000000da600000)
  from space 5120K, 99% used [0x00000000dab00000,0x00000000daffc070,0x00000000db000000)
  to   space 5120K, 0% used [0x00000000da600000,0x00000000da600000,0x00000000dab00000)
 ParOldGen       total 86016K, used 4494K [0x0000000083200000, 0x0000000088600000, 0x00000000d6600000)
  object space 86016K, 5% used [0x0000000083200000,0x00000000836638a0,0x0000000088600000)
 Metaspace       used 11863K, capacity 12044K, committed 12416K, reserved 1060864K
  class space    used 1453K, capacity 1544K, committed 1664K, reserved 1048576K
}
Event: 2.037 GC heap before
{Heap before GC invocations=5 (full 0):
 PSYoungGen      total 70656K, used 70640K [0x00000000d6600000, 0x00000000db000000, 0x0000000100000000)
  eden space 65536K, 100% used [0x00000000d6600000,0x00000000da600000,0x00000000da600000)
  from space 5120K, 99% used [0x00000000dab00000,0x00000000daffc070,0x00000000db000000)
  to   space 5120K, 0% used [0x00000000da600000,0x00000000da600000,0x00000000dab00000)
 ParOldGen       total 86016K, used 4494K [0x0000000083200000, 0x0000000088600000, 0x00000000d6600000)
  object space 86016K, 5% used [0x0000000083200000,0x00000000836638a0,0x0000000088600000)
 Metaspace       used 14922K, capacity 15124K, committed 15360K, reserved 1062912K
  class space    used 1858K, capacity 1932K, committed 2048K, reserved 1048576K
Event: 2.049 GC heap after
Heap after GC invocations=5 (full 0):
 PSYoungGen      total 70656K, used 5088K [0x00000000d6600000, 0x00000000e0700000, 0x0000000100000000)
  eden space 65536K, 0% used [0x00000000d6600000,0x00000000d6600000,0x00000000da600000)
  from space 5120K, 99% used [0x00000000da600000,0x00000000daaf8060,0x00000000dab00000)
  to   space 16896K, 0% used [0x00000000df680000,0x00000000df680000,0x00000000e0700000)
 ParOldGen       total 86016K, used 18589K [0x0000000083200000, 0x0000000088600000, 0x00000000d6600000)
  object space 86016K, 21% used [0x0000000083200000,0x0000000084427670,0x0000000088600000)
 Metaspace       used 14922K, capacity 15124K, committed 15360K, reserved 1062912K
  class space    used 1858K, capacity 1932K, committed 2048K, reserved 1048576K
}
Event: 2.559 GC heap before
{Heap before GC invocations=6 (full 0):
 PSYoungGen      total 70656K, used 70624K [0x00000000d6600000, 0x00000000e0700000, 0x0000000100000000)
  eden space 65536K, 100% used [0x00000000d6600000,0x00000000da600000,0x00000000da600000)
  from space 5120K, 99% used [0x00000000da600000,0x00000000daaf8060,0x00000000dab00000)
  to   space 16896K, 0% used [0x00000000df680000,0x00000000df680000,0x00000000e0700000)
 ParOldGen       total 86016K, used 18589K [0x0000000083200000, 0x0000000088600000, 0x00000000d6600000)
  object space 86016K, 21% used [0x0000000083200000,0x0000000084427670,0x0000000088600000)
 Metaspace       used 17677K, capacity 17928K, committed 18176K, reserved 1064960K
  class space    used 2171K, capacity 2266K, committed 2304K, reserved 1048576K
Event: 2.572 GC heap after
Heap after GC invocations=6 (full 0):
 PSYoungGen      total 143872K, used 16895K [0x00000000d6600000, 0x00000000e0f00000, 0x0000000100000000)
  eden space 126976K, 0% used [0x00000000d6600000,0x00000000d6600000,0x00000000de200000)
  from space 16896K, 99% used [0x00000000df680000,0x00000000e06ffd58,0x00000000e0700000)
  to   space 20992K, 0% used [0x00000000de200000,0x00000000de200000,0x00000000df680000)
 ParOldGen       total 86016K, used 19281K [0x0000000083200000, 0x0000000088600000, 0x00000000d6600000)
  object space 86016K, 22% used [0x0000000083200000,0x00000000844d4500,0x0000000088600000)
 Metaspace       used 17677K, capacity 17928K, committed 18176K, reserved 1064960K
  class space    used 2171K, capacity 2266K, committed 2304K, reserved 1048576K
}
Event: 3.134 GC heap before
{Heap before GC invocations=7 (full 0):
 PSYoungGen      total 143872K, used 143871K [0x00000000d6600000, 0x00000000e0f00000, 0x0000000100000000)
  eden space 126976K, 100% used [0x00000000d6600000,0x00000000de200000,0x00000000de200000)
  from space 16896K, 99% used [0x00000000df680000,0x00000000e06ffd58,0x00000000e0700000)
  to   space 20992K, 0% used [0x00000000de200000,0x00000000de200000,0x00000000df680000)
 ParOldGen       total 86016K, used 19281K [0x0000000083200000, 0x0000000088600000, 0x00000000d6600000)
  object space 86016K, 22% used [0x0000000083200000,0x00000000844d4500,0x0000000088600000)
 Metaspace       used 18757K, capacity 19102K, committed 19328K, reserved 1067008K
  class space    used 2266K, capacity 2375K, committed 2432K, reserved 1048576K
Event: 3.150 GC heap after
Heap after GC invocations=7 (full 0):
 PSYoungGen      total 147968K, used 20224K [0x00000000d6600000, 0x00000000e0f00000, 0x0000000100000000)
  eden space 126976K, 0% used [0x00000000d6600000,0x00000000d6600000,0x00000000de200000)
  from space 20992K, 96% used [0x00000000de200000,0x00000000df5c0390,0x00000000df680000)
  to   space 16896K, 0% used [0x00000000df680000,0x00000000df680000,0x00000000e0700000)
 ParOldGen       total 86016K, used 21502K [0x0000000083200000, 0x0000000088600000, 0x00000000d6600000)
  object space 86016K, 24% used [0x0000000083200000,0x00000000846ffa38,0x0000000088600000)
 Metaspace       used 18757K, capacity 19102K, committed 19328K, reserved 1067008K
  class space    used 2266K, capacity 2375K, committed 2432K, reserved 1048576K
}
Event: 3.646 GC heap before
{Heap before GC invocations=8 (full 0):
 PSYoungGen      total 147968K, used 147200K [0x00000000d6600000, 0x00000000e0f00000, 0x0000000100000000)
  eden space 126976K, 100% used [0x00000000d6600000,0x00000000de200000,0x00000000de200000)
  from space 20992K, 96% used [0x00000000de200000,0x00000000df5c0390,0x00000000df680000)
  to   space 16896K, 0% used [0x00000000df680000,0x00000000df680000,0x00000000e0700000)
 ParOldGen       total 86016K, used 21502K [0x0000000083200000, 0x0000000088600000, 0x00000000d6600000)
  object space 86016K, 24% used [0x0000000083200000,0x00000000846ffa38,0x0000000088600000)
 Metaspace       used 18880K, capacity 19230K, committed 19328K, reserved 1067008K
  class space    used 2271K, capacity 2375K, committed 2432K, reserved 1048576K
Event: 3.697 GC heap after
Heap after GC invocations=8 (full 0):
 PSYoungGen      total 143872K, used 16882K [0x00000000d6600000, 0x00000000e0f00000, 0x0000000100000000)
  eden space 126976K, 0% used [0x00000000d6600000,0x00000000d6600000,0x00000000de200000)
  from space 16896K, 99% used [0x00000000df680000,0x00000000e06fca48,0x00000000e0700000)
  to   space 20992K, 0% used [0x00000000de200000,0x00000000de200000,0x00000000df680000)
 ParOldGen       total 86016K, used 40011K [0x0000000083200000, 0x0000000088600000, 0x00000000d6600000)
  object space 86016K, 46% used [0x0000000083200000,0x0000000085912d70,0x0000000088600000)
 Metaspace       used 18880K, capacity 19230K, committed 19328K, reserved 1067008K
  class space    used 2271K, capacity 2375K, committed 2432K, reserved 1048576K
}

Deoptimization events (10 events):
Event: 3.793 Thread 0x000002b031938800 Uncommon trap: reason=null_check action=make_not_entrant pc=0x000002b01d8ff080 method=org.languagetool.rules.patterns.PatternRuleHandler.startElement(Ljava/lang/String;Ljava/lang/String;Ljava/lang/String;Lorg/xml/sax/Attributes;)V @ 2644
Event: 3.794 Thread 0x000002b031938800 Uncommon trap: reason=unstable_if action=reinterpret pc=0x000002b01d850850 method=org.languagetool.rules.patterns.StringMatcher$RegexpParser.concatenation()Ljava/lang/Object; @ 49
Event: 3.908 Thread 0x000002b031938800 Uncommon trap: reason=unstable_if action=reinterpret pc=0x000002b01d5e2ae0 method=java.util.Arrays.hashCode([Ljava/lang/Object;)I @ 34
Event: 3.912 Thread 0x000002b031938800 Uncommon trap: reason=unstable_if action=reinterpret pc=0x000002b01d7fa4f0 method=com.sun.org.apache.xerces.internal.impl.XMLEntityScanner.skipSpaces()Z @ 85
Event: 3.912 Thread 0x000002b031938800 Uncommon trap: reason=unstable_if action=reinterpret pc=0x000002b01d8c7688 method=com.sun.org.apache.xerces.internal.impl.XMLEntityScanner.scanData(Ljava/lang/String;Lcom/sun/org/apache/xerces/internal/util/XMLStringBuffer;)Z @ 346
Event: 3.921 Thread 0x000002b031938800 Uncommon trap: reason=unstable_if action=reinterpret pc=0x000002b01d7a74f8 method=com.sun.org.apache.xerces.internal.parsers.AbstractSAXParser.startElement(Lcom/sun/org/apache/xerces/internal/xni/QName;Lcom/sun/org/apache/xerces/internal/xni/XMLAttributes
Event: 3.921 Thread 0x000002b031938800 Uncommon trap: reason=class_check action=maybe_recompile pc=0x000002b01d7c43b0 method=com.sun.org.apache.xerces.internal.parsers.AbstractSAXParser.characters(Lcom/sun/org/apache/xerces/internal/xni/XMLString;Lcom/sun/org/apache/xerces/internal/xni/Augment
Event: 3.922 Thread 0x000002b031938800 Uncommon trap: reason=class_check action=maybe_recompile pc=0x000002b01d7c43b0 method=com.sun.org.apache.xerces.internal.parsers.AbstractSAXParser.characters(Lcom/sun/org/apache/xerces/internal/xni/XMLString;Lcom/sun/org/apache/xerces/internal/xni/Augment
Event: 3.922 Thread 0x000002b031938800 Uncommon trap: reason=class_check action=maybe_recompile pc=0x000002b01d7c43b0 method=com.sun.org.apache.xerces.internal.parsers.AbstractSAXParser.characters(Lcom/sun/org/apache/xerces/internal/xni/XMLString;Lcom/sun/org/apache/xerces/internal/xni/Augment
Event: 3.922 Thread 0x000002b031938800 Uncommon trap: reason=class_check action=maybe_recompile pc=0x000002b01d7c43b0 method=com.sun.org.apache.xerces.internal.parsers.AbstractSAXParser.characters(Lcom/sun/org/apache/xerces/internal/xni/XMLString;Lcom/sun/org/apache/xerces/internal/xni/Augment

Classes redefined (0 events):
No events

Internal exceptions (10 events):
Event: 2.086 Thread 0x000002b034b96800 Exception <a 'java/lang/NoSuchMethodError': java.lang.Object.lambda$comparing$77a9974f$1(Ljava/util/function/Function;Ljava/lang/Object;Ljava/lang/Object;)I> (0x00000000d69edcd8) thrown at [C:\jenkins\workspace\8-2-build-windows-amd64-cygwin\jdk8u301\1513
Event: 2.303 Thread 0x000002b031938800 Exception <a 'java/lang/NoSuchMethodError': java.lang.Object.lambda$identity$2(Ljava/lang/Object;)Ljava/lang/Object;> (0x00000000d7437e08) thrown at [C:\jenkins\workspace\8-2-build-windows-amd64-cygwin\jdk8u301\1513\hotspot\src\share\vm\interpreter\linkRe
Event: 2.337 Thread 0x000002b031938800 Exception <a 'java/lang/NoSuchMethodError': java.lang.Object.lambda$thenComparing$36697e65$1(Ljava/util/Comparator;Ljava/lang/Object;Ljava/lang/Object;)I> (0x00000000d74f0cd8) thrown at [C:\jenkins\workspace\8-2-build-windows-amd64-cygwin\jdk8u301\1513\ho
Event: 2.680 Thread 0x000002b031938800 Implicit null exception at 0x000002b01d5c00f4 to 0x000002b01d5c090d
Event: 3.320 Thread 0x000002b031938800 Implicit null exception at 0x000002b01d885997 to 0x000002b01d886ce5
Event: 3.544 Thread 0x000002b031938800 Implicit null exception at 0x000002b01d8d2ed2 to 0x000002b01d8d2a09
Event: 3.793 Thread 0x000002b031938800 Implicit null exception at 0x000002b01d90029f to 0x000002b01d8ff071
Event: 3.871 Thread 0x000002b031938800 Exception <a 'java/io/FileNotFoundException'> (0x00000000d82c8d98) thrown at [C:\jenkins\workspace\8-2-build-windows-amd64-cygwin\jdk8u301\1513\hotspot\src\share\vm\prims\jni.cpp, line 710]
Event: 3.879 Thread 0x000002b031938800 Exception <a 'java/io/FileNotFoundException'> (0x00000000d82d5850) thrown at [C:\jenkins\workspace\8-2-build-windows-amd64-cygwin\jdk8u301\1513\hotspot\src\share\vm\prims\jni.cpp, line 710]
Event: 3.908 Thread 0x000002b031938800 Implicit null exception at 0x000002b01d5e29cc to 0x000002b01d5e2ac5

Events (10 events):
Event: 3.980 Thread 0x000002b031938800 DEOPT PACKING pc=0x000002b01d924a64 sp=0x000000d26c5fe410
Event: 3.980 Thread 0x000002b031938800 DEOPT UNPACKING pc=0x000002b01d007898 sp=0x000000d26c5fe1c8 mode 0
Event: 3.988 loading class net/loomchild/segment/srx/SrxTextIterator
Event: 3.988 loading class net/loomchild/segment/srx/SrxTextIterator done
Event: 3.989 loading class net/loomchild/segment/AbstractTextIterator
Event: 3.989 loading class net/loomchild/segment/AbstractTextIterator done
Event: 3.989 loading class net/loomchild/segment/srx/TextManager
Event: 3.989 loading class net/loomchild/segment/srx/TextManager done
Event: 3.990 loading class net/loomchild/segment/srx/RuleManager
Event: 3.990 loading class net/loomchild/segment/srx/RuleManager done


Dynamic libraries:
0x00007ff65cbe0000 - 0x00007ff65cc27000 	C:\Program Files (x86)\Common Files\Oracle\Java\javapath\java.exe
0x00007ff846dc0000 - 0x00007ff846fc9000 	C:\WINDOWS\SYSTEM32\ntdll.dll
0x00007ff846110000 - 0x00007ff8461ce000 	C:\WINDOWS\System32\KERNEL32.DLL
0x00007ff8444f0000 - 0x00007ff84486b000 	C:\WINDOWS\System32\KERNELBASE.dll
0x00007ff846920000 - 0x00007ff8469ce000 	C:\WINDOWS\System32\ADVAPI32.dll
0x00007ff844e30000 - 0x00007ff844ed3000 	C:\WINDOWS\System32\msvcrt.dll
0x00007ff844ee0000 - 0x00007ff844f7e000 	C:\WINDOWS\System32\sechost.dll
0x00007ff8461d0000 - 0x00007ff8462f0000 	C:\WINDOWS\System32\RPCRT4.dll
0x00007ff845700000 - 0x00007ff8458ad000 	C:\WINDOWS\System32\USER32.dll
0x00007ff844870000 - 0x00007ff844896000 	C:\WINDOWS\System32\win32u.dll
0x00007ff844c50000 - 0x00007ff844c79000 	C:\WINDOWS\System32\GDI32.dll
0x00007ff8448a0000 - 0x00007ff8449b8000 	C:\WINDOWS\System32\gdi32full.dll
0x00007ff8449c0000 - 0x00007ff844a5d000 	C:\WINDOWS\System32\msvcp_win.dll
0x00007ff844a60000 - 0x00007ff844b71000 	C:\WINDOWS\System32\ucrtbase.dll
0x00007ff833960000 - 0x00007ff833c05000 	C:\WINDOWS\WinSxS\amd64_microsoft.windows.common-controls_6595b64144ccf1df_6.0.22000.120_none_9d947278b86cc467\COMCTL32.dll
0x00007ff8468e0000 - 0x00007ff846912000 	C:\WINDOWS\System32\IMM32.DLL
0x00007ff822770000 - 0x00007ff8228c8000 	C:\Program Files (x86)\Citrix\ICA Client\epclient64.dll
0x00007ff8462f0000 - 0x00007ff846668000 	C:\WINDOWS\System32\combase.dll
0x00007ff83aab0000 - 0x00007ff83aaba000 	C:\WINDOWS\SYSTEM32\VERSION.dll
0x00007ff843c70000 - 0x00007ff843c97000 	C:\WINDOWS\SYSTEM32\bcrypt.dll
0x00007ff843420000 - 0x00007ff843454000 	C:\WINDOWS\SYSTEM32\ntmarta.dll
0x00007ff843400000 - 0x00007ff843418000 	C:\WINDOWS\SYSTEM32\kernel.appcore.dll
0x00007ff844470000 - 0x00007ff8444ef000 	C:\WINDOWS\System32\bcryptprimitives.dll
0x00007ff83cd90000 - 0x00007ff83cda5000 	C:\Program Files\Java\jre1.8.0_301\bin\vcruntime140.dll
0x00007ff835b50000 - 0x00007ff835beb000 	C:\Program Files\Java\jre1.8.0_301\bin\msvcp140.dll
0x0000000069890000 - 0x000000006a0f0000 	C:\Program Files\Java\jre1.8.0_301\bin\server\jvm.dll
0x00007ff844e20000 - 0x00007ff844e28000 	C:\WINDOWS\System32\PSAPI.DLL
0x00007ff82a140000 - 0x00007ff82a149000 	C:\WINDOWS\SYSTEM32\WSOCK32.dll
0x000002b01cf30000 - 0x000002b01cf9f000 	C:\WINDOWS\System32\WS2_32.dll
0x00007ff83b8e0000 - 0x00007ff83b913000 	C:\WINDOWS\SYSTEM32\WINMM.dll
0x00007ff83fd30000 - 0x00007ff83fd40000 	C:\Program Files\Java\jre1.8.0_301\bin\verify.dll
0x00007ff837900000 - 0x00007ff83792b000 	C:\Program Files\Java\jre1.8.0_301\bin\java.dll
0x00007ff83c3a0000 - 0x00007ff83c3b8000 	C:\Program Files\Java\jre1.8.0_301\bin\zip.dll
0x000002b033520000 - 0x000002b033cd7000 	C:\WINDOWS\System32\SHELL32.dll
0x00007ff842350000 - 0x00007ff842bb5000 	C:\WINDOWS\SYSTEM32\windows.storage.dll
0x00007ff8421e0000 - 0x00007ff842346000 	C:\WINDOWS\SYSTEM32\wintypes.dll
0x00007ff846b90000 - 0x00007ff846c7a000 	C:\WINDOWS\System32\SHCORE.dll
0x00007ff845590000 - 0x00007ff8455ed000 	C:\WINDOWS\System32\shlwapi.dll
0x00007ff8441c0000 - 0x00007ff8441e1000 	C:\WINDOWS\SYSTEM32\profapi.dll
0x00007ff83dd40000 - 0x00007ff83dd4d000 	C:\Program Files\Java\jre1.8.0_301\bin\management.dll
0x00007ff83bda0000 - 0x00007ff83bdbc000 	C:\Program Files\Java\jre1.8.0_301\bin\net.dll
0x00007ff8438a0000 - 0x00007ff843907000 	C:\WINDOWS\system32\mswsock.dll
0x00007ff83baf0000 - 0x00007ff83bb03000 	C:\Program Files\Java\jre1.8.0_301\bin\nio.dll
0x00007ff842f00000 - 0x00007ff842fe8000 	C:\WINDOWS\SYSTEM32\DNSAPI.dll
0x00007ff842e90000 - 0x00007ff842ebd000 	C:\WINDOWS\SYSTEM32\IPHLPAPI.DLL
0x00007ff844c40000 - 0x00007ff844c49000 	C:\WINDOWS\System32\NSI.dll
0x00007ff83a850000 - 0x00007ff83a85a000 	C:\Windows\System32\rasadhlp.dll
0x00007ff838f80000 - 0x00007ff839001000 	C:\WINDOWS\System32\fwpuclnt.dll
0x00007ff843ae0000 - 0x00007ff843af8000 	C:\WINDOWS\SYSTEM32\CRYPTSP.dll
0x00007ff843360000 - 0x00007ff843395000 	C:\WINDOWS\system32\rsaenh.dll
0x00007ff843990000 - 0x00007ff8439b9000 	C:\WINDOWS\SYSTEM32\USERENV.dll
0x00007ff843b00000 - 0x00007ff843b0c000 	C:\WINDOWS\SYSTEM32\CRYPTBASE.dll
0x00007ff83be90000 - 0x00007ff83bea9000 	C:\WINDOWS\SYSTEM32\dhcpcsvc6.DLL
0x00007ff83c2a0000 - 0x00007ff83c2be000 	C:\WINDOWS\SYSTEM32\dhcpcsvc.DLL
0x00007ff801c50000 - 0x00007ff801de5000 	C:\Program Files\Java\jre1.8.0_301\bin\awt.dll
0x00007ff844d40000 - 0x00007ff844e16000 	C:\WINDOWS\System32\OLEAUT32.dll
0x00007ff8412e0000 - 0x00007ff841372000 	C:\WINDOWS\SYSTEM32\apphelp.dll
0x00007ff8415f0000 - 0x00007ff841811000 	C:\WINDOWS\SYSTEM32\dbghelp.dll

VM Arguments:
java_command: org.languagetool.server.HTTPServer -p 8082 --config C:\Users\17272\AppData\Local\Temp\tmpfwwducaj
java_class_path (initial): C:\Users\17272\.cache\language_tool_python\LanguageTool-5.7\languagetool-server.jar
Launcher Type: SUN_STANDARD

Environment Variables:
PATH=C:\Program Files (x86)\Common Files\Oracle\Java\javapath;C:\WINDOWS\system32;C:\WINDOWS;C:\WINDOWS\System32\Wbem;C:\WINDOWS\System32\WindowsPowerShell\v1.0\;C:\WINDOWS\System32\OpenSSH\;C:\Program Files\Git\cmd;C:\Users\17272\AppData\Local\Programs\Python\Python311\Scripts\;C:\Users\17272\AppData\Local\Programs\Python\Python311\;C:\Users\17272\AppData\Local\Microsoft\WindowsApps;C:\mingw\mingw32\bin;C:\Users\17272\AppData\Local\Programs\Microsoft VS Code\bin;C:\msys64\mingw64\bin;
USERNAME=17272
OS=Windows_NT
PROCESSOR_IDENTIFIER=Intel64 Family 6 Model 140 Stepping 1, GenuineIntel



---------------  S Y S T E M  ---------------

OS: Windows 10.0 , 64 bit Build 22000 (10.0.22000.1335)

CPU:total 8 (initial active 8) (4 cores per cpu, 2 threads per core) family 6 model 140 stepping 1, cmov, cx8, fxsr, mmx, sse, sse2, sse3, ssse3, sse4.1, sse4.2, popcnt, avx, avx2, aes, clmul, erms, 3dnowpref, lzcnt, ht, tsc, tscinvbit, bmi1, bmi2, adx

Memory: 4k page, physical 8183096k(132132k free), swap 33348920k(3196k free)

vm_info: Java HotSpot(TM) 64-Bit Server VM (25.301-b09) for windows-amd64 JRE (1.8.0_301-b09), built on Jun  9 2021 06:46:21 by "java_re" with MS VC++ 15.9 (VS2017)

time: Sun Jan 29 03:49:25 2023
timezone: Eastern Standard Time
elapsed time: 4.027944 seconds (0d 0h 0m 4s)

